Removed Pin From Net: NetName=GND Pin=C?-1
Removed Pin From Net: NetName=GND Pin=C?-1
Removed Pin From Net: NetName=GND Pin=C?-1
Removed Pin From Net: NetName=USB_3V3 Pin=C?-2
Removed Pin From Net: NetName=USB_3V3 Pin=C?-2
Removed Pin From Net: NetName=USB_3V3 Pin=C?-2
Removed Pin From Net: NetName=GND Pin=DD?-3
Removed Pin From Net: NetName=NetDD?_4 Pin=DD?-4
Removed Pin From Net: NetName=NetDD?_5 Pin=DD?-5
Removed Pin From Net: NetName=USB_3V3 Pin=DD?-6
Removed Pin From Net: NetName=NetDD?_9 Pin=DD?-9
Removed Pin From Net: NetName=RS_TX Pin=DD?-25
Removed Pin From Net: NetName=RS_RX Pin=DD?-26
Removed Pin From Net: NetName=GND Pin=DD?-EP
Removed Pin From Net: NetName=NetFU?_1 Pin=FU?-1
Removed Pin From Net: NetName=BOOT0 Pin=R?-1
Removed Pin From Net: NetName=GND Pin=R?-1
Removed Pin From Net: NetName=NetDD?_9 Pin=R?-1
Removed Pin From Net: NetName=USB_3V3 Pin=R?-2
Removed Pin From Net: NetName=USB_3V3 Pin=R?-2
Removed Pin From Net: NetName=GND Pin=VD?-2
Removed Pin From Net: NetName=GND Pin=VT?-2
Removed Pin From Net: NetName=NetFU?_1 Pin=X?-1
Removed Pin From Net: NetName=NetDD?_5 Pin=X?-2
Removed Pin From Net: NetName=NetDD?_4 Pin=X?-3
Removed Pin From Net: NetName=GND Pin=X?-5
Removed Pin From Net: NetName=GND Pin=X?-EP
Removed Pin From Net: NetName=GND Pin=X?-EP
Removed Pin From Net: NetName=GND Pin=X?-EP
Removed Pin From Net: NetName=GND Pin=X?-EP
Removed Member From Class: ClassName=MDQARM_USB_UART Member=DD?
Removed Member From Class: ClassName=MDQARM_USB_UART Member=FU?
Removed Member From Class: ClassName=MDQARM_USB_UART Member=X?
Added Component: Designator=*(Connector COIL)
Add component. Clean all parameters for all variants
Added Component: Designator=C?(Capacitor SMD0805-T0.75)
Add component. Clean all parameters for all variants
Add component (AddParameter): Name = "Value"; Value = "0,047"; VariantName = "[No Variations]"
Added Component: Designator=C?(Capacitor SMD0805-T1.35)
Add component. Clean all parameters for all variants
Add component (AddParameter): Name = "Value"; Value = "4,7"; VariantName = "[No Variations]"
Added Component: Designator=C?(Capacitor SMD0805-T1.35)
Add component. Clean all parameters for all variants
Add component (AddParameter): Name = "Value"; Value = "1,0"; VariantName = "[No Variations]"
Added Component: Designator=C?(Capacitor SMD0805-T0.95)
Add component. Clean all parameters for all variants
Add component (AddParameter): Name = "Value"; Value = "0,1"; VariantName = "[No Variations]"
Added Component: Designator=C?(Capacitor ECAP SMD10x10.5)
Add component. Clean all parameters for all variants
Add component (AddParameter): Name = "Value"; Value = "470,0"; VariantName = "[No Variations]"
Added Component: Designator=C?(Capacitor SMD0805-T0.75)
Add component. Clean all parameters for all variants
Add component (AddParameter): Name = "Value"; Value = "22"; VariantName = "[No Variations]"
Added Component: Designator=C?(Capacitor SMD0805-T0.75)
Add component. Clean all parameters for all variants
Add component (AddParameter): Name = "Value"; Value = "33"; VariantName = "[No Variations]"
Added Component: Designator=C?(Capacitor SMD0805-T0.75)
Add component. Clean all parameters for all variants
Add component (AddParameter): Name = "Value"; Value = "4700"; VariantName = "[No Variations]"
Added Component: Designator=C?(Capacitor SMD0805-T0.75)
Add component. Clean all parameters for all variants
Add component (AddParameter): Name = "Value"; Value = "4700"; VariantName = "[No Variations]"
Added Component: Designator=C?(Capacitor SMD0805-T0.95)
Add component. Clean all parameters for all variants
Add component (AddParameter): Name = "Value"; Value = "0,1"; VariantName = "[No Variations]"
Added Component: Designator=C?(Capacitor SMD0805-T0.95)
Add component. Clean all parameters for all variants
Add component (AddParameter): Name = "Value"; Value = "0,1"; VariantName = "[No Variations]"
Added Component: Designator=C?(Capacitor ECAP SMD10x10.5)
Add component. Clean all parameters for all variants
Add component (AddParameter): Name = "Value"; Value = "1000,0"; VariantName = "[No Variations]"
Added Component: Designator=C?(Capacitor ECAP SMD10x10.5)
Add component. Clean all parameters for all variants
Add component (AddParameter): Name = "Value"; Value = "1000,0"; VariantName = "[No Variations]"
Added Component: Designator=C?(Capacitor SMD0805-T1.35)
Add component. Clean all parameters for all variants
Add component (AddParameter): Name = "Value"; Value = "2,2"; VariantName = "[No Variations]"
Added Component: Designator=C?(Capacitor SMD0805-T0.75)
Add component. Clean all parameters for all variants
Add component (AddParameter): Name = "Value"; Value = "0,01"; VariantName = "[No Variations]"
Added Component: Designator=C?(Capacitor SMD0805-T1.35)
Add component. Clean all parameters for all variants
Add component (AddParameter): Name = "Value"; Value = "10,0"; VariantName = "[No Variations]"
Added Component: Designator=C?(Filter NFM21PC)
Add component. Clean all parameters for all variants
Add component (AddParameter): Name = "Value"; Value = "1,0"; VariantName = "[No Variations]"
Added Component: Designator=DA?(IC AD8606ARZ)
Add component. Clean all parameters for all variants
Add component (AddParameter): Name = "Value"; Value = "AD8606ARZ"; VariantName = "[No Variations]"
Added Component: Designator=DA?(IC AD8606ARZ)
Add component. Clean all parameters for all variants
Add component (AddParameter): Name = "Value"; Value = "AD8606ARZ"; VariantName = "[No Variations]"
Added Component: Designator=DD?(IC CP2102-GMR)
Add component. Clean all parameters for all variants
Add component (AddParameter): Name = "Value"; Value = "CP2102-GMR"; VariantName = "[No Variations]"
Added Component: Designator=FU?(Fuse MF-NSMF012-2)
Add component. Clean all parameters for all variants
Add component (AddParameter): Name = "Value"; Value = "0,12À"; VariantName = "[No Variations]"
Added Component: Designator=R?(Resistor SMD0805)
Add component. Clean all parameters for all variants
Add component (AddParameter): Name = "Value"; Value = "1ê"; VariantName = "[No Variations]"
Added Component: Designator=R?(Resistor SMD0805)
Add component. Clean all parameters for all variants
Add component (AddParameter): Name = "Value"; Value = "1ê"; VariantName = "[No Variations]"
Added Component: Designator=R?(Resistor SMD0805)
Add component. Clean all parameters for all variants
Add component (AddParameter): Name = "Value"; Value = "100ê"; VariantName = "[No Variations]"
Added Component: Designator=R?(Resistor SMD0805)
Add component. Clean all parameters for all variants
Add component (AddParameter): Name = "Value"; Value = "1ê"; VariantName = "[No Variations]"
Added Component: Designator=R?(Resistor SMD1206)
Add component. Clean all parameters for all variants
Add component (AddParameter): Name = "Value"; Value = "1"; VariantName = "[No Variations]"
Added Component: Designator=R?(Resistor SMD2512)
Add component. Clean all parameters for all variants
Add component (AddParameter): Name = "Value"; Value = "7,5"; VariantName = "[No Variations]"
Added Component: Designator=R?(Resistor SMD1206)
Add component. Clean all parameters for all variants
Add component (AddParameter): Name = "Value"; Value = "1"; VariantName = "[No Variations]"
Added Component: Designator=R?(Resistor SMD0805)
Add component. Clean all parameters for all variants
Add component (AddParameter): Name = "Value"; Value = "1ê"; VariantName = "[No Variations]"
Added Component: Designator=R?(Resistor SMD0805)
Add component. Clean all parameters for all variants
Add component (AddParameter): Name = "Value"; Value = "1ê"; VariantName = "[No Variations]"
Added Component: Designator=R?(Resistor SMD0805)
Add component. Clean all parameters for all variants
Add component (AddParameter): Name = "Value"; Value = "1ê"; VariantName = "[No Variations]"
Added Component: Designator=R?(Resistor SMD0805)
Add component. Clean all parameters for all variants
Add component (AddParameter): Name = "Value"; Value = "10ê"; VariantName = "[No Variations]"
Added Component: Designator=R?(Resistor SMD0805)
Add component. Clean all parameters for all variants
Add component (AddParameter): Name = "Value"; Value = "10ê"; VariantName = "[No Variations]"
Added Component: Designator=R?(Resistor SMD0805)
Add component. Clean all parameters for all variants
Add component (AddParameter): Name = "Value"; Value = "100ê"; VariantName = "[No Variations]"
Added Component: Designator=R?(Resistor SMD0805)
Add component. Clean all parameters for all variants
Add component (AddParameter): Name = "Value"; Value = "10ê"; VariantName = "[No Variations]"
Added Component: Designator=R?(Resistor SMD0805)
Add component. Clean all parameters for all variants
Add component (AddParameter): Name = "Value"; Value = "2ê"; VariantName = "[No Variations]"
Added Component: Designator=R?(Resistor SMD0805)
Add component. Clean all parameters for all variants
Add component (AddParameter): Name = "Value"; Value = "1,2ê"; VariantName = "[No Variations]"
Added Component: Designator=R?(Resistor SMD0805)
Add component. Clean all parameters for all variants
Add component (AddParameter): Name = "Value"; Value = "100ê"; VariantName = "[No Variations]"
Added Component: Designator=R?(Resistor SMD0805)
Add component. Clean all parameters for all variants
Add component (AddParameter): Name = "Value"; Value = "2ê"; VariantName = "[No Variations]"
Added Component: Designator=R?(Resistor SMD0805)
Add component. Clean all parameters for all variants
Add component (AddParameter): Name = "Value"; Value = "10ê"; VariantName = "[No Variations]"
Added Component: Designator=R?(Resistor SMD0805)
Add component. Clean all parameters for all variants
Add component (AddParameter): Name = "Value"; Value = "100"; VariantName = "[No Variations]"
Added Component: Designator=R?(Resistor SMD0805)
Add component. Clean all parameters for all variants
Add component (AddParameter): Name = "Value"; Value = "100ê"; VariantName = "[No Variations]"
Added Component: Designator=R?(Resistor SMD0805)
Add component. Clean all parameters for all variants
Add component (AddParameter): Name = "Value"; Value = "2ê"; VariantName = "[No Variations]"
Added Component: Designator=VD?(Diode SMD0805)
Add component. Clean all parameters for all variants
Added Component: Designator=VD?(Diode SMA)
Add component. Clean all parameters for all variants
Added Component: Designator=VD?(Diode SOD-80)
Add component. Clean all parameters for all variants
Added Component: Designator=VD?(Diode SOD-80)
Add component. Clean all parameters for all variants
Added Component: Designator=VD?(Diode SOD-80)
Add component. Clean all parameters for all variants
Added Component: Designator=VD?(Diode SOD-80)
Add component. Clean all parameters for all variants
Added Component: Designator=VD?(Diode SMA)
Add component. Clean all parameters for all variants
Added Component: Designator=VT?(Transistor SOT23)
Add component. Clean all parameters for all variants
Add component (AddParameter): Name = "Value"; Value = "IRLML2502TRPBF"; VariantName = "[No Variations]"
Added Component: Designator=VT?(Transisror IRF7105)
Add component. Clean all parameters for all variants
Add component (AddParameter): Name = "Value"; Value = "IRF7105BPF"; VariantName = "[No Variations]"
Added Component: Designator=VT?(Transistor SOT23)
Add component. Clean all parameters for all variants
Add component (AddParameter): Name = "Value"; Value = "BC847B"; VariantName = "[No Variations]"
Added Component: Designator=VT?(Transisror IRF7105)
Add component. Clean all parameters for all variants
Add component (AddParameter): Name = "Value"; Value = "IRF7105BPF"; VariantName = "[No Variations]"
Added Component: Designator=VT?(Transistor SOT23)
Add component. Clean all parameters for all variants
Add component (AddParameter): Name = "Value"; Value = "BC847B"; VariantName = "[No Variations]"
Added Component: Designator=X?(Connector KLS1-233-0-0-1-T)
Add component. Clean all parameters for all variants
Added Component: Designator=X?(Connector B2B-XH-A)
Add component. Clean all parameters for all variants
Added Pin To Net: NetName=GND Pin=*-2
Added Pin To Net: NetName=GND Pin=*-3
Added Pin To Net: NetName=GND Pin=*-4
Added Pin To Net: NetName=GND Pin=C?-1
Added Pin To Net: NetName=GND Pin=C?-1
Added Pin To Net: NetName=GND Pin=C?-1
Added Pin To Net: NetName=GND Pin=C?-1
Added Pin To Net: NetName=GND Pin=C?-1
Added Pin To Net: NetName=GND Pin=C?-1
Added Pin To Net: NetName=GND Pin=C?-1
Added Pin To Net: NetName=GND Pin=C?-1
Added Pin To Net: NetName=PWR Pin=C?-1
Added Pin To Net: NetName=PWR Pin=C?-1
Added Pin To Net: NetName=GND Pin=C?-2
Added Pin To Net: NetName=GND Pin=C?-2
Added Pin To Net: NetName=GND Pin=C?-2
Added Pin To Net: NetName=GND Pin=C?-2
Added Pin To Net: NetName=GND Pin=C?-2
Added Pin To Net: NetName=GND Pin=C?-2
Added Pin To Net: NetName=GND Pin=C?-2
Added Pin To Net: NetName=GND Pin=C?-2
Added Pin To Net: NetName=GND Pin=C?-2
Added Pin To Net: NetName=GND Pin=C?-2
Added Pin To Net: NetName=I_TX Pin=C?-2
Added Pin To Net: NetName=U_RX Pin=C?-2
Added Pin To Net: NetName=USB_3V3 Pin=C?-2
Added Pin To Net: NetName=USB_3V3 Pin=C?-2
Added Pin To Net: NetName=USB_3V3 Pin=C?-2
Added Pin To Net: NetName=VDDA Pin=C?-3
Added Pin To Net: NetName=GND Pin=DA?-4
Added Pin To Net: NetName=GND Pin=DA?-4
Added Pin To Net: NetName=GND Pin=DD?-3
Added Pin To Net: NetName=NetDD?_4 Pin=DD?-4
Added Pin To Net: NetName=NetDD?_5 Pin=DD?-5
Added Pin To Net: NetName=USB_3V3 Pin=DD?-6
Added Pin To Net: NetName=NetDD?_9 Pin=DD?-9
Added Pin To Net: NetName=RS_TX Pin=DD?-25
Added Pin To Net: NetName=RS_RX Pin=DD?-26
Added Pin To Net: NetName=GND Pin=DD?-EP
Added Pin To Net: NetName=NetFU?_1 Pin=FU?-1
Added Pin To Net: NetName=BOOT0 Pin=R?-1
Added Pin To Net: NetName=GND Pin=R?-1
Added Pin To Net: NetName=GND Pin=R?-1
Added Pin To Net: NetName=GND Pin=R?-1
Added Pin To Net: NetName=GND Pin=R?-1
Added Pin To Net: NetName=NetDD?_9 Pin=R?-1
Added Pin To Net: NetName=SIN_C Pin=R?-1
Added Pin To Net: NetName=I_TX Pin=R?-2
Added Pin To Net: NetName=TX Pin=R?-2
Added Pin To Net: NetName=U_RX Pin=R?-2
Added Pin To Net: NetName=USB_3V3 Pin=R?-2
Added Pin To Net: NetName=USB_3V3 Pin=R?-2
Added Pin To Net: NetName=GND Pin=VD?-1
Added Pin To Net: NetName=GND Pin=VD?-2
Added Pin To Net: NetName=GND Pin=VT?-2
Added Pin To Net: NetName=GND Pin=VT?-2
Added Pin To Net: NetName=NetFU?_1 Pin=X?-1
Added Pin To Net: NetName=NetDD?_5 Pin=X?-2
Added Pin To Net: NetName=NetDD?_4 Pin=X?-3
Added Pin To Net: NetName=GND Pin=X?-5
Added Pin To Net: NetName=GND Pin=X?-EP
Added Pin To Net: NetName=GND Pin=X?-EP
Added Pin To Net: NetName=GND Pin=X?-EP
Added Pin To Net: NetName=GND Pin=X?-EP
Added Pin To Net: NetName=Net*_1 Pin=*-1
Added Pin To Net: NetName=Net*_1 Pin=C?-1
Added Net: Name=Net*_1
Added Pin To Net: NetName=Net*_5 Pin=*-5
Added Pin To Net: NetName=Net*_5 Pin=R?-1
Added Net: Name=Net*_5
Added Pin To Net: NetName=NetDA?_3 Pin=DA?-3
Added Pin To Net: NetName=NetDA?_3 Pin=DA?-3
Added Pin To Net: NetName=NetDA?_3 Pin=R?-1
Added Pin To Net: NetName=NetDA?_3 Pin=R?-2
Added Pin To Net: NetName=NetDA?_3 Pin=VD?-1
Added Net: Name=NetDA?_3
Added Pin To Net: NetName=NetDA?_6 Pin=DA?-6
Added Pin To Net: NetName=NetDA?_6 Pin=DA?-6
Added Pin To Net: NetName=NetDA?_6 Pin=DA?-7
Added Pin To Net: NetName=NetDA?_6 Pin=DA?-7
Added Pin To Net: NetName=NetDA?_6 Pin=R?-2
Added Net: Name=NetDA?_6
Added Pin To Net: NetName=NetX?_1 Pin=X?-1
Added Pin To Net: NetName=NetX?_1 Pin=X?-5
Added Pin To Net: NetName=NetX?_1 Pin=X?-6
Added Net: Name=NetX?_1
Added Pin To Net: NetName=VDD_COIL Pin=C?-1
Added Pin To Net: NetName=VDD_COIL Pin=C?-1
Added Pin To Net: NetName=VDD_COIL Pin=C?-1
Added Pin To Net: NetName=VDD_COIL Pin=C?-1
Added Pin To Net: NetName=VDD_COIL Pin=C?-1
Added Pin To Net: NetName=VDD_COIL Pin=R?-2
Added Pin To Net: NetName=VDD_COIL Pin=R?-2
Added Pin To Net: NetName=VDD_COIL Pin=VD?-2
Added Pin To Net: NetName=VDD_COIL Pin=VT?-3
Added Pin To Net: NetName=VDD_COIL Pin=VT?-S2
Added Net: Name=VDD_COIL
Change Class Name : Old Net Name=MDQARM_USB_UART New Net Name=MDQARM_COIL
Added Class: Name=MDQARM_SOUND
Added Class: Name=MDQARM_USB_UART
Added Member To Class: ClassName=MDQARM_COIL Member=Component *
Added Member To Class: ClassName=MDQARM_MCU Member=Component C? 1,0
Added Member To Class: ClassName=MDQARM_MCU Member=Component C? 0,01
Added Member To Class: ClassName=MDQARM_MCU Member=Component C? 10,0
Added Member To Class: ClassName=MDQARM_MCU Member=Component C? 0,1
Added Member To Class: ClassName=MDQARM_MCU Member=Component C? 0,1
Added Member To Class: ClassName=MDQARM_MCU Member=Component C? 0,1
Added Member To Class: ClassName=MDQARM_MCU Member=Component C? 30
Added Member To Class: ClassName=MDQARM_MCU Member=Component C? 0,1
Added Member To Class: ClassName=MDQARM_MCU Member=Component C? 30
Added Member To Class: ClassName=MDQARM_MCU Member=Component C? 0,1
Added Member To Class: ClassName=MDQARM_MCU Member=Component C? 0,01
Added Member To Class: ClassName=MDQARM_COIL Member=Component C? 22
Added Member To Class: ClassName=MDQARM_COIL Member=Component C? 33
Added Member To Class: ClassName=MDQARM_COIL Member=Component C? 4700
Added Member To Class: ClassName=MDQARM_COIL Member=Component C? 4700
Added Member To Class: ClassName=MDQARM_COIL Member=Component C? 0,1
Added Member To Class: ClassName=MDQARM_COIL Member=Component C? 0,1
Added Member To Class: ClassName=MDQARM_COIL Member=Component C? 1000,0
Added Member To Class: ClassName=MDQARM_COIL Member=Component C? 2,2
Added Member To Class: ClassName=MDQARM_COIL Member=Component C? 0,01
Added Member To Class: ClassName=MDQARM_COIL Member=Component C? 10,0
Added Member To Class: ClassName=MDQARM_COIL Member=Component C? 1,0
Added Member To Class: ClassName=MDQARM_COIL Member=Component DA? AD8606ARZ
Added Member To Class: ClassName=MDQARM_COIL Member=Component DA? AD8606ARZ
Added Member To Class: ClassName=MDQARM_MCU Member=Component DD? STM32F100C8T6B
Added Member To Class: ClassName=MDQARM_MCU Member=Component R? 10ê
Added Member To Class: ClassName=MDQARM_MCU Member=Component R? 1ê
Added Member To Class: ClassName=MDQARM_MCU Member=Component R? 10ê
Added Member To Class: ClassName=MDQARM_MCU Member=Component R? 4,7ê
Added Member To Class: ClassName=MDQARM_MCU Member=Component R? 100
Added Member To Class: ClassName=MDQARM_MCU Member=Component R? 100
Added Member To Class: ClassName=MDQARM_MCU Member=Component R? 1ê
Added Member To Class: ClassName=MDQARM_MCU Member=Component R? 4,7ê
Added Member To Class: ClassName=MDQARM_MCU Member=Component R? 1ê
Added Member To Class: ClassName=MDQARM_MCU Member=Component R? 10ê
Added Member To Class: ClassName=MDQARM_MCU Member=Component R? 1ê
Added Member To Class: ClassName=MDQARM_MCU Member=Component R? 100
Added Member To Class: ClassName=MDQARM_COIL Member=Component R? 1
Added Member To Class: ClassName=MDQARM_COIL Member=Component R? 7,5
Added Member To Class: ClassName=MDQARM_COIL Member=Component R? 1
Added Member To Class: ClassName=MDQARM_COIL Member=Component R? 1ê
Added Member To Class: ClassName=MDQARM_COIL Member=Component R? 1ê
Added Member To Class: ClassName=MDQARM_COIL Member=Component R? 1ê
Added Member To Class: ClassName=MDQARM_COIL Member=Component R? 10ê
Added Member To Class: ClassName=MDQARM_COIL Member=Component R? 10ê
Added Member To Class: ClassName=MDQARM_COIL Member=Component R? 100ê
Added Member To Class: ClassName=MDQARM_COIL Member=Component R? 10ê
Added Member To Class: ClassName=MDQARM_COIL Member=Component R? 2ê
Added Member To Class: ClassName=MDQARM_COIL Member=Component R? 100ê
Added Member To Class: ClassName=MDQARM_COIL Member=Component R? 2ê
Added Member To Class: ClassName=MDQARM_COIL Member=Component R? 10ê
Added Member To Class: ClassName=MDQARM_COIL Member=Component R? 100
Added Member To Class: ClassName=MDQARM_COIL Member=Component R? 100ê
Added Member To Class: ClassName=MDQARM_COIL Member=Component R? 2ê
Added Member To Class: ClassName=MDQARM_MCU Member=Component SB? KLS7-TS6604-4.3-180
Added Member To Class: ClassName=MDQARM_MCU Member=Component SB? KLS7-TS6604-4.3-180
Added Member To Class: ClassName=MDQARM_MCU Member=Component SB? KLS7-TS6604-4.3-180
Added Member To Class: ClassName=MDQARM_MCU Member=Component SB? KLS7-TS6604-4.3-180
Added Member To Class: ClassName=MDQARM_MCU Member=Component SB? KLS7-TS6604-4.3-180
Added Member To Class: ClassName=MDQARM_COIL Member=Component VD? ES1J
Added Member To Class: ClassName=MDQARM_COIL Member=Component VD? LL4148
Added Member To Class: ClassName=MDQARM_COIL Member=Component VD? LL4148
Added Member To Class: ClassName=MDQARM_COIL Member=Component VD? LL4148
Added Member To Class: ClassName=MDQARM_COIL Member=Component VD? ES1J
Added Member To Class: ClassName=MDQARM_COIL Member=Component VT? BC847B
Added Member To Class: ClassName=MDQARM_COIL Member=Component VT? IRF7105PBF
Added Member To Class: ClassName=MDQARM_COIL Member=Component VT? BC847B
Added Member To Class: ClassName=MDQARM_MCU Member=Component X? PLS-4
Added Member To Class: ClassName=MDQARM_MCU Member=Component X? PLS-3
Added Room: Name=MDQARM_USB_UART
