Added Component: Designator=C?(Capacitor SMD0805-T0.75)
Add component. Clean all parameters for all variants
Add component (AddParameter): Name = "Value"; Value = "0,047"; VariantName = "[No Variations]"
Added Component: Designator=C?(Capacitor SMD0805-T1.35)
Add component. Clean all parameters for all variants
Add component (AddParameter): Name = "Value"; Value = "4,7"; VariantName = "[No Variations]"
Added Component: Designator=C?(Capacitor SMD0805-T1.35)
Add component. Clean all parameters for all variants
Add component (AddParameter): Name = "Value"; Value = "1,0"; VariantName = "[No Variations]"
Added Component: Designator=C?(Capacitor SMD0805-T0.95)
Add component. Clean all parameters for all variants
Add component (AddParameter): Name = "Value"; Value = "0,1"; VariantName = "[No Variations]"
Added Component: Designator=C?(Capacitor SMD0805-T0.95)
Add component. Clean all parameters for all variants
Add component (AddParameter): Name = "Value"; Value = "0,1"; VariantName = "[No Variations]"
Added Component: Designator=C?(Capacitor SMD0805-T0.75)
Add component. Clean all parameters for all variants
Add component (AddParameter): Name = "Value"; Value = "10"; VariantName = "[No Variations]"
Added Component: Designator=C?(Capacitor SMD0805-T0.75)
Add component. Clean all parameters for all variants
Add component (AddParameter): Name = "Value"; Value = "1000"; VariantName = "[No Variations]"
Added Component: Designator=C?(Capacitor SMD0805-T0.75)
Add component. Clean all parameters for all variants
Add component (AddParameter): Name = "Value"; Value = "4700"; VariantName = "[No Variations]"
Added Component: Designator=C?(Capacitor SMD0805-T1.35)
Add component. Clean all parameters for all variants
Add component (AddParameter): Name = "Value"; Value = "1,0"; VariantName = "[No Variations]"
Added Component: Designator=C?(Capacitor SMD0805-T1.35)
Add component. Clean all parameters for all variants
Add component (AddParameter): Name = "Value"; Value = "1,0"; VariantName = "[No Variations]"
Added Component: Designator=C?(Capacitor SMD0805-T0.95)
Add component. Clean all parameters for all variants
Add component (AddParameter): Name = "Value"; Value = "0,1"; VariantName = "[No Variations]"
Added Component: Designator=C?(Capacitor SMD0805-T0.95)
Add component. Clean all parameters for all variants
Add component (AddParameter): Name = "Value"; Value = "0,1"; VariantName = "[No Variations]"
Added Component: Designator=C?(Capacitor SMD0805-T0.75)
Add component. Clean all parameters for all variants
Add component (AddParameter): Name = "Value"; Value = "15"; VariantName = "[No Variations]"
Added Component: Designator=C?(Capacitor SMD0805-T0.75)
Add component. Clean all parameters for all variants
Add component (AddParameter): Name = "Value"; Value = "15"; VariantName = "[No Variations]"
Added Component: Designator=DA?(IC MC34119L)
Add component. Clean all parameters for all variants
Add component (AddParameter): Name = "Value"; Value = "MC34119L"; VariantName = "[No Variations]"
Added Component: Designator=FU?(Fuse MF-NSMF012-2)
Add component. Clean all parameters for all variants
Add component (AddParameter): Name = "Value"; Value = "0,12ְ"; VariantName = "[No Variations]"
Added Component: Designator=L?(Inductor SMD1210)
Add component. Clean all parameters for all variants
Add component (AddParameter): Name = "Value"; Value = "1לךֳם"; VariantName = "[No Variations]"
Added Component: Designator=R?(Resistor SMD0805)
Add component. Clean all parameters for all variants
Add component (AddParameter): Name = "Value"; Value = "100ך"; VariantName = "[No Variations]"
Added Component: Designator=R?(Resistor SMD0805)
Add component. Clean all parameters for all variants
Add component (AddParameter): Name = "Value"; Value = "1ך"; VariantName = "[No Variations]"
Added Component: Designator=R?(Resistor SMD0805)
Add component. Clean all parameters for all variants
Add component (AddParameter): Name = "Value"; Value = "1ך"; VariantName = "[No Variations]"
Added Component: Designator=R?(Resistor SMD0805)
Add component. Clean all parameters for all variants
Add component (AddParameter): Name = "Value"; Value = "1ך"; VariantName = "[No Variations]"
Added Component: Designator=R?(Resistor SMD0805)
Add component. Clean all parameters for all variants
Add component (AddParameter): Name = "Value"; Value = "10ך"; VariantName = "[No Variations]"
Added Component: Designator=R?(Resistor SMD0805)
Add component. Clean all parameters for all variants
Add component (AddParameter): Name = "Value"; Value = "47ך"; VariantName = "[No Variations]"
Added Component: Designator=R?(Resistor SMD0805)
Add component. Clean all parameters for all variants
Add component (AddParameter): Name = "Value"; Value = "33ך"; VariantName = "[No Variations]"
Added Component: Designator=R?(Resistor SMD0805)
Add component. Clean all parameters for all variants
Add component (AddParameter): Name = "Value"; Value = "1ך"; VariantName = "[No Variations]"
Added Component: Designator=R?(Resistor SMD0805)
Add component. Clean all parameters for all variants
Add component (AddParameter): Name = "Value"; Value = "270"; VariantName = "[No Variations]"
Added Component: Designator=R?(Resistor SMD0805)
Add component. Clean all parameters for all variants
Add component (AddParameter): Name = "Value"; Value = "4,7ך"; VariantName = "[No Variations]"
Added Component: Designator=R?(Resistor SMD0805)
Add component. Clean all parameters for all variants
Add component (AddParameter): Name = "Value"; Value = "10ך"; VariantName = "[No Variations]"
Added Component: Designator=R?(Resistor SMD0805)
Add component. Clean all parameters for all variants
Add component (AddParameter): Name = "Value"; Value = "2"; VariantName = "[No Variations]"
Added Component: Designator=R?(Resistor SMD0805)
Add component. Clean all parameters for all variants
Add component (AddParameter): Name = "Value"; Value = "2"; VariantName = "[No Variations]"
Added Component: Designator=R?(Resistor SMD0805)
Add component. Clean all parameters for all variants
Add component (AddParameter): Name = "Value"; Value = "1ך"; VariantName = "[No Variations]"
Added Component: Designator=SJ?(SolderJump 1)
Add component. Clean all parameters for all variants
Added Component: Designator=VD?(Diode SMD0805)
Add component. Clean all parameters for all variants
Added Component: Designator=VD?(Diode SMD0805)
Add component. Clean all parameters for all variants
Added Component: Designator=VT?(Transistor SOT23)
Add component. Clean all parameters for all variants
Add component (AddParameter): Name = "Value"; Value = "IRLML2502TRPBF"; VariantName = "[No Variations]"
Added Component: Designator=VT?(Transistor SOT23)
Add component. Clean all parameters for all variants
Add component (AddParameter): Name = "Value"; Value = "2SC3356"; VariantName = "[No Variations]"
Added Component: Designator=WA?(Antenna 1)
Add component. Clean all parameters for all variants
Added Component: Designator=X?(Connector PJ-311D)
Add component. Clean all parameters for all variants
Add component (AddParameter): Name = "Value"; Value = "PJ-311D"; VariantName = "[No Variations]"
Added Pin To Net: NetName=GND Pin=C?-1
Added Pin To Net: NetName=GND Pin=C?-1
Added Pin To Net: NetName=GND Pin=C?-1
Added Pin To Net: NetName=GND Pin=C?-1
Added Pin To Net: NetName=GND Pin=C?-1
Added Pin To Net: NetName=GND Pin=C?-1
Added Pin To Net: NetName=SOUND Pin=C?-1
Added Pin To Net: NetName=SOUND Pin=C?-1
Added Pin To Net: NetName=SOUND Pin=C?-1
Added Pin To Net: NetName=GND Pin=C?-2
Added Pin To Net: NetName=GND Pin=C?-2
Added Pin To Net: NetName=VDD Pin=C?-2
Added Pin To Net: NetName=GND Pin=DA?-7
Added Pin To Net: NetName=GND Pin=DD?-1
Added Pin To Net: NetName=GND Pin=DD?-3
Added Pin To Net: NetName=VDD Pin=DD?-4
Added Pin To Net: NetName=GND Pin=DD?-5
Added Pin To Net: NetName=GND Pin=DD?-9
Added Pin To Net: NetName=VDD Pin=DD?-10
Added Pin To Net: NetName=GND Pin=DD?-11
Added Pin To Net: NetName=GND Pin=DD?-12
Added Pin To Net: NetName=EE_SDA Pin=DD?-13
Added Pin To Net: NetName=EE_SCL Pin=DD?-14
Added Pin To Net: NetName=GND Pin=DD?-15
Added Pin To Net: NetName=RS_TX Pin=DD?-25
Added Pin To Net: NetName=RS_RX Pin=DD?-26
Added Pin To Net: NetName=GND Pin=DD?-EP
Added Pin To Net: NetName=VDD Pin=L?-1
Added Pin To Net: NetName=BOOT0 Pin=R?-1
Added Pin To Net: NetName=GND Pin=R?-1
Added Pin To Net: NetName=SOUND Pin=R?-1
Added Pin To Net: NetName=SW Pin=R?-1
Added Pin To Net: NetName=SW Pin=R?-1
Added Pin To Net: NetName=VDD Pin=R?-1
Added Pin To Net: NetName=GND Pin=R?-2
Added Pin To Net: NetName=GND Pin=SJ?-2
Added Pin To Net: NetName=GND Pin=VD?-2
Added Pin To Net: NetName=GND Pin=VD?-2
Added Pin To Net: NetName=GND Pin=VT?-2
Added Pin To Net: NetName=GND Pin=VT?-2
Added Pin To Net: NetName=GND Pin=X?-5
Added Pin To Net: NetName=GND Pin=X?-EP
Added Pin To Net: NetName=GND Pin=X?-EP
Added Pin To Net: NetName=GND Pin=X?-EP
Added Pin To Net: NetName=GND Pin=X?-EP
Added Pin To Net: NetName=GND Pin=ZQ?-3
Added Pin To Net: NetName=NetDA?_1 Pin=DA?-1
Added Pin To Net: NetName=NetDA?_1 Pin=R?-2
Added Pin To Net: NetName=NetDA?_1 Pin=SJ?-1
Added Net: Name=NetDA?_1
Added Pin To Net: NetName=NetDA?_8 Pin=DA?-8
Added Pin To Net: NetName=NetDA?_8 Pin=R?-1
Added Net: Name=NetDA?_8
Added Pin To Net: NetName=NetDD?_4 Pin=DD?-4
Added Pin To Net: NetName=NetDD?_4 Pin=X?-3
Added Net: Name=NetDD?_4
Added Pin To Net: NetName=NetDD?_5 Pin=DD?-5
Added Pin To Net: NetName=NetDD?_5 Pin=X?-2
Added Net: Name=NetDD?_5
Added Pin To Net: NetName=NetDD?_8 Pin=DD?-8
Added Pin To Net: NetName=NetDD?_8 Pin=R?-2
Added Net: Name=NetDD?_8
Added Pin To Net: NetName=NetDD?_9 Pin=DD?-9
Added Pin To Net: NetName=NetDD?_9 Pin=R?-1
Added Net: Name=NetDD?_9
Added Pin To Net: NetName=NetFU?_1 Pin=FU?-1
Added Pin To Net: NetName=NetFU?_1 Pin=X?-1
Added Net: Name=NetFU?_1
Added Pin To Net: NetName=NetX?_5 Pin=X?-5
Added Pin To Net: NetName=NetX?_5 Pin=X?-6
Added Net: Name=NetX?_5
Added Pin To Net: NetName=PWR Pin=C?-2
Added Pin To Net: NetName=PWR Pin=DA?-6
Added Net: Name=PWR
Added Pin To Net: NetName=USB_3V3 Pin=C?-2
Added Pin To Net: NetName=USB_3V3 Pin=C?-2
Added Pin To Net: NetName=USB_3V3 Pin=C?-2
Added Pin To Net: NetName=USB_3V3 Pin=DD?-6
Added Pin To Net: NetName=USB_3V3 Pin=R?-2
Added Pin To Net: NetName=USB_3V3 Pin=R?-2
Added Net: Name=USB_3V3
Change Class Name : Old Net Name=MDQARM_USB_UART New Net Name=MDQARM_FM_Tx
Added Class: Name=MDQARM_USB_UART
Added Member To Class: ClassName=MDQARM_MCU Member=Component C? 0,01
Added Member To Class: ClassName=MDQARM_MCU Member=Component C? 0,1
Added Member To Class: ClassName=MDQARM_MCU Member=Component C? 0,1
Added Member To Class: ClassName=MDQARM_MCU Member=Component C? 0,1
Added Member To Class: ClassName=MDQARM_MCU Member=Component C? 0,01
Added Member To Class: ClassName=MDQARM_MCU Member=Component C? 30
Added Member To Class: ClassName=MDQARM_MCU Member=Component C? 10,0
Added Member To Class: ClassName=MDQARM_MCU Member=Component C? 1,0
Added Member To Class: ClassName=MDQARM_MCU Member=Component C? 0,1
Added Member To Class: ClassName=MDQARM_MCU Member=Component C? 0,1
Added Member To Class: ClassName=MDQARM_MCU Member=Component C? 30
Added Member To Class: ClassName=MDQARM_FM_Tx Member=Component C? 0,1
Added Member To Class: ClassName=MDQARM_FM_Tx Member=Component C? 0,1
Added Member To Class: ClassName=MDQARM_FM_Tx Member=Component C? 10
Added Member To Class: ClassName=MDQARM_FM_Tx Member=Component C? 1000
Added Member To Class: ClassName=MDQARM_FM_Tx Member=Component C? 4700
Added Member To Class: ClassName=MDQARM_FM_Tx Member=Component C? 1,0
Added Member To Class: ClassName=MDQARM_FM_Tx Member=Component C? 1,0
Added Member To Class: ClassName=MDQARM_FM_Tx Member=Component C? 0,1
Added Member To Class: ClassName=MDQARM_FM_Tx Member=Component C? 15
Added Member To Class: ClassName=MDQARM_FM_Tx Member=Component C? 15
Added Member To Class: ClassName=MDQARM_FM_Tx Member=Component DA? MC34119L
Added Member To Class: ClassName=MDQARM_MCU Member=Component DD? STM32F100C8T6B
Added Member To Class: ClassName=MDQARM_FM_Tx Member=Component L? 1לךֳם
Added Member To Class: ClassName=MDQARM_MCU Member=Component R? 100
Added Member To Class: ClassName=MDQARM_MCU Member=Component R? 100
Added Member To Class: ClassName=MDQARM_MCU Member=Component R? 10ך
Added Member To Class: ClassName=MDQARM_MCU Member=Component R? 1ך
Added Member To Class: ClassName=MDQARM_MCU Member=Component R? 10ך
Added Member To Class: ClassName=MDQARM_MCU Member=Component R? 10ך
Added Member To Class: ClassName=MDQARM_MCU Member=Component R? 1ך
Added Member To Class: ClassName=MDQARM_MCU Member=Component R? 4,7ך
Added Member To Class: ClassName=MDQARM_MCU Member=Component R? 4,7ך
Added Member To Class: ClassName=MDQARM_MCU Member=Component R? 1ך
Added Member To Class: ClassName=MDQARM_MCU Member=Component R? 100
Added Member To Class: ClassName=MDQARM_MCU Member=Component R? 1ך
Added Member To Class: ClassName=MDQARM_FM_Tx Member=Component R? 10ך
Added Member To Class: ClassName=MDQARM_FM_Tx Member=Component R? 47ך
Added Member To Class: ClassName=MDQARM_FM_Tx Member=Component R? 33ך
Added Member To Class: ClassName=MDQARM_FM_Tx Member=Component R? 1ך
Added Member To Class: ClassName=MDQARM_FM_Tx Member=Component R? 270
Added Member To Class: ClassName=MDQARM_FM_Tx Member=Component R? 4,7ך
Added Member To Class: ClassName=MDQARM_FM_Tx Member=Component R? 10ך
Added Member To Class: ClassName=MDQARM_FM_Tx Member=Component R? 2
Added Member To Class: ClassName=MDQARM_FM_Tx Member=Component R? 2
Added Member To Class: ClassName=MDQARM_FM_Tx Member=Component R? 1ך
Added Member To Class: ClassName=MDQARM_MCU Member=Component SB? KLS7-TS6604-4.3-180
Added Member To Class: ClassName=MDQARM_MCU Member=Component SB? KLS7-TS6604-4.3-180
Added Member To Class: ClassName=MDQARM_MCU Member=Component SB? KLS7-TS6604-4.3-180
Added Member To Class: ClassName=MDQARM_MCU Member=Component SB? KLS7-TS6604-4.3-180
Added Member To Class: ClassName=MDQARM_MCU Member=Component SB? KLS7-TS6604-4.3-180
Added Member To Class: ClassName=MDQARM_FM_Tx Member=Component SJ? SolderJump 1
Added Member To Class: ClassName=MDQARM_FM_Tx Member=Component VD? RED
Added Member To Class: ClassName=MDQARM_FM_Tx Member=Component VT? 2SC3356
Added Member To Class: ClassName=MDQARM_FM_Tx Member=Component WA? Antenna 1
Added Member To Class: ClassName=MDQARM_MCU Member=Component X? PLS-3
Added Member To Class: ClassName=MDQARM_MCU Member=Component X? PLS-4
Added Member To Class: ClassName=MDQARM_FM_Tx Member=Component ZQ? 32768 ֳצ
