Replace Part C? Capacitor C0805_100n in D:\AVRASM1234\!Electronics\!Projects\MDQARM_byAVRASM1234\PCBProject\MDQARM_MCU.SchDoc with Capacitor C0805_100n from IVV_Passive.IntLib
Replace Part C? Capacitor C0805_100n in D:\AVRASM1234\!Electronics\!Projects\MDQARM_byAVRASM1234\PCBProject\MDQARM_MCU.SchDoc with Capacitor C0805_100n from IVV_Passive.IntLib
Replace Part C? Capacitor C0805_30p in D:\AVRASM1234\!Electronics\!Projects\MDQARM_byAVRASM1234\PCBProject\MDQARM_MCU.SchDoc with Capacitor C0805_30p from IVV_Passive.IntLib
Replace Part C? Capacitor C0805_30p in D:\AVRASM1234\!Electronics\!Projects\MDQARM_byAVRASM1234\PCBProject\MDQARM_MCU.SchDoc with Capacitor C0805_30p from IVV_Passive.IntLib
Replace Part C? Capacitor C0805_10u in D:\AVRASM1234\!Electronics\!Projects\MDQARM_byAVRASM1234\PCBProject\MDQARM_MCU.SchDoc with Capacitor C0805_10u from IVV_Passive.IntLib
Replace Part C? Filter NFM21PC105B1Ñ3D in D:\AVRASM1234\!Electronics\!Projects\MDQARM_byAVRASM1234\PCBProject\MDQARM_MCU.SchDoc with Filter NFM21PC105B1Ñ3D from IVV_Passive.IntLib
Replace Part C? Capacitor C0805_10n in D:\AVRASM1234\!Electronics\!Projects\MDQARM_byAVRASM1234\PCBProject\MDQARM_MCU.SchDoc with Capacitor C0805_10n from IVV_Passive.IntLib
Replace Part C? Capacitor C0805_100n in D:\AVRASM1234\!Electronics\!Projects\MDQARM_byAVRASM1234\PCBProject\MDQARM_MCU.SchDoc with Capacitor C0805_100n from IVV_Passive.IntLib
Replace Part C? Capacitor C0805_100n in D:\AVRASM1234\!Electronics\!Projects\MDQARM_byAVRASM1234\PCBProject\MDQARM_MCU.SchDoc with Capacitor C0805_100n from IVV_Passive.IntLib
Replace Part C? Capacitor C0805_100n in D:\AVRASM1234\!Electronics\!Projects\MDQARM_byAVRASM1234\PCBProject\MDQARM_MCU.SchDoc with Capacitor C0805_100n from IVV_Passive.IntLib
Replace Part DD? IC AT24C08C in D:\AVRASM1234\!Electronics\!Projects\MDQARM_byAVRASM1234\PCBProject\MDQARM_MCU.SchDoc with IC AT24C08C from IVV_IC.IntLib
Replace Part DD? IC STM32F100C8T6B in D:\AVRASM1234\!Electronics\!Projects\MDQARM_byAVRASM1234\PCBProject\MDQARM_MCU.SchDoc with IC STM32F100C8T6B from IVV_IC.IntLib
Replace Part R? Resistor R0805_2k_5% in D:\AVRASM1234\!Electronics\!Projects\MDQARM_byAVRASM1234\PCBProject\MDQARM_MCU.SchDoc with Resistor R0805_2k_5% from IVV_Passive.IntLib
Replace Part R? Resistor R0805_2k_5% in D:\AVRASM1234\!Electronics\!Projects\MDQARM_byAVRASM1234\PCBProject\MDQARM_MCU.SchDoc with Resistor R0805_2k_5% from IVV_Passive.IntLib
Replace Part R? Resistor R0805_1k_5% in D:\AVRASM1234\!Electronics\!Projects\MDQARM_byAVRASM1234\PCBProject\MDQARM_MCU.SchDoc with Resistor R0805_1k_5% from IVV_Passive.IntLib
Replace Part R? Resistor R0805_10k_5% in D:\AVRASM1234\!Electronics\!Projects\MDQARM_byAVRASM1234\PCBProject\MDQARM_MCU.SchDoc with Resistor R0805_10k_5% from IVV_Passive.IntLib
Replace Part R? Resistor R0805_10k_5% in D:\AVRASM1234\!Electronics\!Projects\MDQARM_byAVRASM1234\PCBProject\MDQARM_MCU.SchDoc with Resistor R0805_10k_5% from IVV_Passive.IntLib
Replace Part R? Resistor R0805_1k_5% in D:\AVRASM1234\!Electronics\!Projects\MDQARM_byAVRASM1234\PCBProject\MDQARM_MCU.SchDoc with Resistor R0805_1k_5% from IVV_Passive.IntLib
Replace Part R? Resistor R0805_10k_5% in D:\AVRASM1234\!Electronics\!Projects\MDQARM_byAVRASM1234\PCBProject\MDQARM_MCU.SchDoc with Resistor R0805_10k_5% from IVV_Passive.IntLib
Replace Part R? Resistor R0805_100_5% in D:\AVRASM1234\!Electronics\!Projects\MDQARM_byAVRASM1234\PCBProject\MDQARM_MCU.SchDoc with Resistor R0805_100_5% from IVV_Passive.IntLib
Replace Part R? Resistor R0805_100_5% in D:\AVRASM1234\!Electronics\!Projects\MDQARM_byAVRASM1234\PCBProject\MDQARM_MCU.SchDoc with Resistor R0805_100_5% from IVV_Passive.IntLib
Replace Part SB? Button KLS7-TS6604-4.3-180 in D:\AVRASM1234\!Electronics\!Projects\MDQARM_byAVRASM1234\PCBProject\MDQARM_MCU.SchDoc with Button KLS7-TS6604-4.3-180 from IVV_Lib.IntLib
Replace Part SB? Button KLS7-TS6604-4.3-180 in D:\AVRASM1234\!Electronics\!Projects\MDQARM_byAVRASM1234\PCBProject\MDQARM_MCU.SchDoc with Button KLS7-TS6604-4.3-180 from IVV_Lib.IntLib
Replace Part SB? Button KLS7-TS6604-4.3-180 in D:\AVRASM1234\!Electronics\!Projects\MDQARM_byAVRASM1234\PCBProject\MDQARM_MCU.SchDoc with Button KLS7-TS6604-4.3-180 from IVV_Lib.IntLib
Replace Part SB? Button KLS7-TS6604-4.3-180 in D:\AVRASM1234\!Electronics\!Projects\MDQARM_byAVRASM1234\PCBProject\MDQARM_MCU.SchDoc with Button KLS7-TS6604-4.3-180 from IVV_Lib.IntLib
Replace Part SB? Button KLS7-TS6604-4.3-180 in D:\AVRASM1234\!Electronics\!Projects\MDQARM_byAVRASM1234\PCBProject\MDQARM_MCU.SchDoc with Button KLS7-TS6604-4.3-180 from IVV_Lib.IntLib
Replace Part SB? Button KLS7-TS6604-4.3-180 in D:\AVRASM1234\!Electronics\!Projects\MDQARM_byAVRASM1234\PCBProject\MDQARM_MCU.SchDoc with Button KLS7-TS6604-4.3-180 from IVV_Lib.IntLib
Replace Part VD? Diode LED0805RED in D:\AVRASM1234\!Electronics\!Projects\MDQARM_byAVRASM1234\PCBProject\MDQARM_MCU.SchDoc with Diode LED0805RED from IVV_Lib.IntLib
Replace Part X? Connector BOOT in D:\AVRASM1234\!Electronics\!Projects\MDQARM_byAVRASM1234\PCBProject\MDQARM_MCU.SchDoc with Connector BOOT from IVV_Connectors.IntLib
Replace Part X? Connector UART in D:\AVRASM1234\!Electronics\!Projects\MDQARM_byAVRASM1234\PCBProject\MDQARM_MCU.SchDoc with Connector UART from IVV_Connectors.IntLib
Replace Part X? Connector SWD in D:\AVRASM1234\!Electronics\!Projects\MDQARM_byAVRASM1234\PCBProject\MDQARM_MCU.SchDoc with Connector SWD from IVV_Connectors.IntLib
Replace Part ZQ? Quartz HC-49SM-8MHz in D:\AVRASM1234\!Electronics\!Projects\MDQARM_byAVRASM1234\PCBProject\MDQARM_MCU.SchDoc with Quartz HC-49SM-8MHz from IVV_Lib.IntLib
