Added Component: Designator=C?(Capacitor SMD0805)
Add component. Clean all parameters for all variants
Add component (AddParameter): Name = "Value"; Value = "0,1"; VariantName = "[No Variations]"
Added Component: Designator=C?(Capacitor SMD0805)
Add component. Clean all parameters for all variants
Add component (AddParameter): Name = "Value"; Value = "0,1"; VariantName = "[No Variations]"
Added Component: Designator=C?(Capacitor SMD0805)
Add component. Clean all parameters for all variants
Add component (AddParameter): Name = "Value"; Value = "0,01"; VariantName = "[No Variations]"
Added Component: Designator=C?(Capacitor SMD0805)
Add component. Clean all parameters for all variants
Add component (AddParameter): Name = "Value"; Value = "0,1"; VariantName = "[No Variations]"
Added Component: Designator=C?(Capacitor SMD0805)
Add component. Clean all parameters for all variants
Add component (AddParameter): Name = "Value"; Value = "0,1"; VariantName = "[No Variations]"
Added Component: Designator=DD?(IC STM32F100C8T6B)
Add component. Clean all parameters for all variants
Add component (AddParameter): Name = "Value"; Value = "STM32F100C8T6B"; VariantName = "[No Variations]"
Added Component: Designator=DD?(IC KT0803L)
Add component. Clean all parameters for all variants
Add component (AddParameter): Name = "Value"; Value = "KT0803L"; VariantName = "[No Variations]"
Added Component: Designator=HG?(Indicator WH1602)
Add component. Clean all parameters for all variants
Add component (AddParameter): Name = "Value"; Value = "WH1602"; VariantName = "[No Variations]"
Added Component: Designator=ZQ?(Quartz HC-49SM)
Add component. Clean all parameters for all variants
Add component (AddParameter): Name = "Value"; Value = "HC-49SM-8MHz"; VariantName = "[No Variations]"
Added Component: Designator=ZQ?(Quartz DT-38T-32768Hz)
Add component. Clean all parameters for all variants
Add component (AddParameter): Name = "Value"; Value = "DT-38T-32768Hz"; VariantName = "[No Variations]"
Added Pin To Net: NetName=GND Pin=C?-1
Added Pin To Net: NetName=GND Pin=C?-1
Added Pin To Net: NetName=GND Pin=C?-1
Added Pin To Net: NetName=GND Pin=C?-1
Added Pin To Net: NetName=GND Pin=DD?-8
Added Pin To Net: NetName=GND Pin=DD?-23
Added Pin To Net: NetName=GND Pin=DD?-35
Added Pin To Net: NetName=GND Pin=DD?-47
Added Net: Name=GND
Added Pin To Net: NetName=NetC?_2 Pin=C?-2
Added Pin To Net: NetName=NetC?_2 Pin=DD?-9
Added Net: Name=NetC?_2
Added Pin To Net: NetName=VDD Pin=C?-2
Added Pin To Net: NetName=VDD Pin=C?-2
Added Pin To Net: NetName=VDD Pin=C?-2
Added Pin To Net: NetName=VDD Pin=DD?-1
Added Pin To Net: NetName=VDD Pin=DD?-24
Added Pin To Net: NetName=VDD Pin=DD?-36
Added Pin To Net: NetName=VDD Pin=DD?-48
Added Net: Name=VDD
Added Class: Name=MDQARM_FM_Tx
Added Class: Name=MDQARM_MCU
Added Class: Name=MDQARM_USB_UART
Added Room: Name=MDQARM_FM_Tx
Added Room: Name=MDQARM_MCU
Added Room: Name=MDQARM_USB_UART
