Removed Pin From Net: NetName=NetDA1_3 Pin=VD1-1
Removed Pin From Net: NetName=NetC1_1 Pin=VD1-2
Removed Pin From Net: NetName=NetR10_1 Pin=VD3-1
Removed Pin From Net: NetName=NetR12_1 Pin=VD3-2
Removed Pin From Net: NetName=NetR10_1 Pin=VD4-1
Removed Pin From Net: NetName=NetR11_1 Pin=VD4-2
Removed Pin From Net: NetName=NetR10_1 Pin=VD6-1
Removed Pin From Net: NetName=NetR14_1 Pin=VD6-2
Change Component Designator: OldDesignator=VD2 NewDesignator=VD4
Change Component Designator: OldDesignator=VD5 NewDesignator=VD6
Added Component: Designator=VD1(Diode SOD-323)
Add component. Clean all parameters for all variants
Added Component: Designator=VD2(Diode SOD-323)
Add component. Clean all parameters for all variants
Added Component: Designator=VD3(Diode SOD-323)
Add component. Clean all parameters for all variants
Added Component: Designator=VD5(Diode SOD-323)
Add component. Clean all parameters for all variants
Added Pin To Net: NetName=NetDA1_3 Pin=VD1-1
Added Pin To Net: NetName=NetC1_1 Pin=VD1-2
Added Pin To Net: NetName=NetR10_1 Pin=VD2-1
Added Pin To Net: NetName=NetR12_1 Pin=VD2-2
Added Pin To Net: NetName=NetR10_1 Pin=VD3-1
Added Pin To Net: NetName=NetR11_1 Pin=VD3-2
Added Pin To Net: NetName=NetR10_1 Pin=VD5-1
Added Pin To Net: NetName=NetR14_1 Pin=VD5-2
