Added Member To Class: ClassName=MDQARM_MCU Member=Component C? 0,1
Added Member To Class: ClassName=MDQARM_MCU Member=Component C? 0,1
Added Member To Class: ClassName=MDQARM_MCU Member=Component C? 0,01
Added Member To Class: ClassName=MDQARM_MCU Member=Component C? 1,0
Added Member To Class: ClassName=MDQARM_MCU Member=Component C? 10,0
Added Member To Class: ClassName=MDQARM_MCU Member=Component C? 30
Added Member To Class: ClassName=MDQARM_MCU Member=Component C? 30
Added Member To Class: ClassName=MDQARM_MCU Member=Component C? 0,1
Added Member To Class: ClassName=MDQARM_MCU Member=Component C? 0,1
Added Member To Class: ClassName=MDQARM_MCU Member=Component DD? STM32F100C8T6B
Added Member To Class: ClassName=MDQARM_MCU Member=Component R? 100
Added Member To Class: ClassName=MDQARM_MCU Member=Component R? 100
Added Member To Class: ClassName=MDQARM_MCU Member=Component R? 10ê
Added Member To Class: ClassName=MDQARM_MCU Member=Component R? 1ê
Added Member To Class: ClassName=MDQARM_MCU Member=Component R? 10ê
Added Member To Class: ClassName=MDQARM_MCU Member=Component R? 1ê
Added Member To Class: ClassName=MDQARM_MCU Member=Component R? 2ê
Added Member To Class: ClassName=MDQARM_MCU Member=Component R? 2ê
Added Member To Class: ClassName=MDQARM_MCU Member=Component X? PLS-4
Added Member To Class: ClassName=MDQARM_MCU Member=Component X? PLS-3
