Replace Part C? Capacitor C0805_2.2u in D:\AVRASM1234\!Electronics\!Projects\MDQARM_byAVRASM1234\PCBProject\MDQARM_USB_UART.SchDoc with Capacitor C0805_2.2u from IVV_Passive.IntLib
Replace Part C? Capacitor C0805_100n in D:\AVRASM1234\!Electronics\!Projects\MDQARM_byAVRASM1234\PCBProject\MDQARM_USB_UART.SchDoc with Capacitor C0805_100n from IVV_Passive.IntLib
Replace Part C? Capacitor ECAP SMD 1000uF_6.3V in D:\AVRASM1234\!Electronics\!Projects\MDQARM_byAVRASM1234\PCBProject\MDQARM_USB_UART.SchDoc with Capacitor ECAP SMD 1000uF_6.3V from IVV_Passive.IntLib
Replace Part C? Capacitor ECAP SMD 1000uF_6.3V in D:\AVRASM1234\!Electronics\!Projects\MDQARM_byAVRASM1234\PCBProject\MDQARM_USB_UART.SchDoc with Capacitor ECAP SMD 1000uF_6.3V from IVV_Passive.IntLib
Replace Part R? Resistor R0805_100k_5% in D:\AVRASM1234\!Electronics\!Projects\MDQARM_byAVRASM1234\PCBProject\MDQARM_USB_UART.SchDoc with Resistor R0805_100k_5% from IVV_Passive.IntLib
Replace Part R? Resistor R0805_10k_5% in D:\AVRASM1234\!Electronics\!Projects\MDQARM_byAVRASM1234\PCBProject\MDQARM_USB_UART.SchDoc with Resistor R0805_10k_5% from IVV_Passive.IntLib
Replace Part R? Resistor R0805_10k_5% in D:\AVRASM1234\!Electronics\!Projects\MDQARM_byAVRASM1234\PCBProject\MDQARM_USB_UART.SchDoc with Resistor R0805_10k_5% from IVV_Passive.IntLib
Replace Part R? Resistor R0805_1k_5% in D:\AVRASM1234\!Electronics\!Projects\MDQARM_byAVRASM1234\PCBProject\MDQARM_USB_UART.SchDoc with Resistor R0805_1k_5% from IVV_Passive.IntLib
Replace Part R? Resistor R0805_1k_5% in D:\AVRASM1234\!Electronics\!Projects\MDQARM_byAVRASM1234\PCBProject\MDQARM_USB_UART.SchDoc with Resistor R0805_1k_5% from IVV_Passive.IntLib
Replace Part R? Resistor R0805_1k_5% in D:\AVRASM1234\!Electronics\!Projects\MDQARM_byAVRASM1234\PCBProject\MDQARM_USB_UART.SchDoc with Resistor R0805_1k_5% from IVV_Passive.IntLib
Replace Part R? Resistor R1206_1R_5% in D:\AVRASM1234\!Electronics\!Projects\MDQARM_byAVRASM1234\PCBProject\MDQARM_USB_UART.SchDoc with Resistor R1206_1R_5% from IVV_Passive.IntLib
Replace Part R? Resistor R1206_1R_5% in D:\AVRASM1234\!Electronics\!Projects\MDQARM_byAVRASM1234\PCBProject\MDQARM_USB_UART.SchDoc with Resistor R1206_1R_5% from IVV_Passive.IntLib
Replace Part R? Resistor R2512_7.5R_5% in D:\AVRASM1234\!Electronics\!Projects\MDQARM_byAVRASM1234\PCBProject\MDQARM_USB_UART.SchDoc with Resistor R2512_7.5R_5% from IVV_Passive.IntLib
Replace Part VD? Diode LL4148 in D:\AVRASM1234\!Electronics\!Projects\MDQARM_byAVRASM1234\PCBProject\MDQARM_USB_UART.SchDoc with Diode LL4148 from IVV_Lib.IntLib
Replace Part VD? Diode LL4148 in D:\AVRASM1234\!Electronics\!Projects\MDQARM_byAVRASM1234\PCBProject\MDQARM_USB_UART.SchDoc with Diode LL4148 from IVV_Lib.IntLib
Replace Part VD? Diode ES1J in D:\AVRASM1234\!Electronics\!Projects\MDQARM_byAVRASM1234\PCBProject\MDQARM_USB_UART.SchDoc with Diode ES1J from IVV_Lib.IntLib
Replace Part VD? Diode ES1J in D:\AVRASM1234\!Electronics\!Projects\MDQARM_byAVRASM1234\PCBProject\MDQARM_USB_UART.SchDoc with Diode ES1J from IVV_Lib.IntLib
Replace Part VT? Transistor BC847B in D:\AVRASM1234\!Electronics\!Projects\MDQARM_byAVRASM1234\PCBProject\MDQARM_USB_UART.SchDoc with Transistor BC847B from IVV_Lib.IntLib
Replace Part VT? Transistor BC847B in D:\AVRASM1234\!Electronics\!Projects\MDQARM_byAVRASM1234\PCBProject\MDQARM_USB_UART.SchDoc with Transistor BC847B from IVV_Lib.IntLib
Replace Part VT? Transistor IRF7105PBF in D:\AVRASM1234\!Electronics\!Projects\MDQARM_byAVRASM1234\PCBProject\MDQARM_USB_UART.SchDoc with Transistor IRF7105PBF from IVV_Lib.IntLib
Replace Part VT? Transistor IRF7105PBF in D:\AVRASM1234\!Electronics\!Projects\MDQARM_byAVRASM1234\PCBProject\MDQARM_USB_UART.SchDoc with Transistor IRF7105PBF from IVV_Lib.IntLib
