Replace Part C? Capacitor C0805_100n in D:\AVRASM1234\!Electronics\!Projects\MDQARM_byAVRASM1234\PCBProject\MDQARM_COIL.SchDoc with Capacitor C0805_100n from IVV_Passive.IntLib
Replace Part C? Capacitor C0805_4.7n in D:\AVRASM1234\!Electronics\!Projects\MDQARM_byAVRASM1234\PCBProject\MDQARM_COIL.SchDoc with Capacitor C0805_4.7n from IVV_Passive.IntLib
Replace Part C? Capacitor C0805_4.7n in D:\AVRASM1234\!Electronics\!Projects\MDQARM_byAVRASM1234\PCBProject\MDQARM_COIL.SchDoc with Capacitor C0805_4.7n from IVV_Passive.IntLib
Replace Part C? Capacitor C0805_33p in D:\AVRASM1234\!Electronics\!Projects\MDQARM_byAVRASM1234\PCBProject\MDQARM_COIL.SchDoc with Capacitor C0805_33p from IVV_Passive.IntLib
Replace Part C? Capacitor C0805_22p in D:\AVRASM1234\!Electronics\!Projects\MDQARM_byAVRASM1234\PCBProject\MDQARM_COIL.SchDoc with Capacitor C0805_22p from IVV_Passive.IntLib
Replace Part C? Capacitor C0805_10n in D:\AVRASM1234\!Electronics\!Projects\MDQARM_byAVRASM1234\PCBProject\MDQARM_COIL.SchDoc with Capacitor C0805_10n from IVV_Passive.IntLib
Replace Part C? Filter NFM21PC105B1Ñ3D in D:\AVRASM1234\!Electronics\!Projects\MDQARM_byAVRASM1234\PCBProject\MDQARM_COIL.SchDoc with Filter NFM21PC105B1Ñ3D from IVV_Passive.IntLib
Replace Part C? Capacitor C0805_10u in D:\AVRASM1234\!Electronics\!Projects\MDQARM_byAVRASM1234\PCBProject\MDQARM_COIL.SchDoc with Capacitor C0805_10u from IVV_Passive.IntLib
Replace Part C? Capacitor C0805_2.2u in D:\AVRASM1234\!Electronics\!Projects\MDQARM_byAVRASM1234\PCBProject\MDQARM_COIL.SchDoc with Capacitor C0805_2.2u from IVV_Passive.IntLib
Replace Part C? Capacitor C0805_100n in D:\AVRASM1234\!Electronics\!Projects\MDQARM_byAVRASM1234\PCBProject\MDQARM_COIL.SchDoc with Capacitor C0805_100n from IVV_Passive.IntLib
Replace Part C? Capacitor ECAP SMD 1000uF_6.3V in D:\AVRASM1234\!Electronics\!Projects\MDQARM_byAVRASM1234\PCBProject\MDQARM_COIL.SchDoc with Capacitor ECAP SMD 1000uF_6.3V from IVV_Passive.IntLib
Replace Part C? Capacitor ECAP SMD 1000uF_6.3V in D:\AVRASM1234\!Electronics\!Projects\MDQARM_byAVRASM1234\PCBProject\MDQARM_COIL.SchDoc with Capacitor ECAP SMD 1000uF_6.3V from IVV_Passive.IntLib
Replace Part DA? IC AD8606ARZ in D:\AVRASM1234\!Electronics\!Projects\MDQARM_byAVRASM1234\PCBProject\MDQARM_COIL.SchDoc with IC AD8606ARZ from IVV_IC.IntLib
Replace Part DA? IC AD8606ARZ in D:\AVRASM1234\!Electronics\!Projects\MDQARM_byAVRASM1234\PCBProject\MDQARM_COIL.SchDoc with IC AD8606ARZ from IVV_IC.IntLib
Replace Part R? Resistor R0805_2k_5% in D:\AVRASM1234\!Electronics\!Projects\MDQARM_byAVRASM1234\PCBProject\MDQARM_COIL.SchDoc with Resistor R0805_2k_5% from IVV_Passive.IntLib
Replace Part R? Resistor R0805_2k_5% in D:\AVRASM1234\!Electronics\!Projects\MDQARM_byAVRASM1234\PCBProject\MDQARM_COIL.SchDoc with Resistor R0805_2k_5% from IVV_Passive.IntLib
Replace Part R? Resistor R0805_1.2k_1% in D:\AVRASM1234\!Electronics\!Projects\MDQARM_byAVRASM1234\PCBProject\MDQARM_COIL.SchDoc with Resistor R0805_1.2k_1% from IVV_Passive.IntLib
Replace Part R? Resistor R0805_100k_1% in D:\AVRASM1234\!Electronics\!Projects\MDQARM_byAVRASM1234\PCBProject\MDQARM_COIL.SchDoc with Resistor R0805_100k_1% from IVV_Passive.IntLib
Replace Part R? Resistor R0805_100k_1% in D:\AVRASM1234\!Electronics\!Projects\MDQARM_byAVRASM1234\PCBProject\MDQARM_COIL.SchDoc with Resistor R0805_100k_1% from IVV_Passive.IntLib
Replace Part R? Resistor R0805_100_1% in D:\AVRASM1234\!Electronics\!Projects\MDQARM_byAVRASM1234\PCBProject\MDQARM_COIL.SchDoc with Resistor R0805_100_1% from IVV_Passive.IntLib
Replace Part R? Resistor R0805_2k_1% in D:\AVRASM1234\!Electronics\!Projects\MDQARM_byAVRASM1234\PCBProject\MDQARM_COIL.SchDoc with Resistor R0805_2k_1% from IVV_Passive.IntLib
Replace Part R? Resistor R0805_10k_1% in D:\AVRASM1234\!Electronics\!Projects\MDQARM_byAVRASM1234\PCBProject\MDQARM_COIL.SchDoc with Resistor R0805_10k_1% from IVV_Passive.IntLib
Replace Part R? Resistor R0805_10k_1% in D:\AVRASM1234\!Electronics\!Projects\MDQARM_byAVRASM1234\PCBProject\MDQARM_COIL.SchDoc with Resistor R0805_10k_1% from IVV_Passive.IntLib
Replace Part R? Resistor R0805_100k_5% in D:\AVRASM1234\!Electronics\!Projects\MDQARM_byAVRASM1234\PCBProject\MDQARM_COIL.SchDoc with Resistor R0805_100k_5% from IVV_Passive.IntLib
Replace Part R? Resistor R0805_10k_5% in D:\AVRASM1234\!Electronics\!Projects\MDQARM_byAVRASM1234\PCBProject\MDQARM_COIL.SchDoc with Resistor R0805_10k_5% from IVV_Passive.IntLib
Replace Part R? Resistor R0805_10k_5% in D:\AVRASM1234\!Electronics\!Projects\MDQARM_byAVRASM1234\PCBProject\MDQARM_COIL.SchDoc with Resistor R0805_10k_5% from IVV_Passive.IntLib
Replace Part R? Resistor R0805_1k_5% in D:\AVRASM1234\!Electronics\!Projects\MDQARM_byAVRASM1234\PCBProject\MDQARM_COIL.SchDoc with Resistor R0805_1k_5% from IVV_Passive.IntLib
Replace Part R? Resistor R0805_1k_5% in D:\AVRASM1234\!Electronics\!Projects\MDQARM_byAVRASM1234\PCBProject\MDQARM_COIL.SchDoc with Resistor R0805_1k_5% from IVV_Passive.IntLib
Replace Part R? Resistor R0805_1k_5% in D:\AVRASM1234\!Electronics\!Projects\MDQARM_byAVRASM1234\PCBProject\MDQARM_COIL.SchDoc with Resistor R0805_1k_5% from IVV_Passive.IntLib
Replace Part R? Resistor R1206_1R_5% in D:\AVRASM1234\!Electronics\!Projects\MDQARM_byAVRASM1234\PCBProject\MDQARM_COIL.SchDoc with Resistor R1206_1R_5% from IVV_Passive.IntLib
Replace Part R? Resistor R1206_1R_5% in D:\AVRASM1234\!Electronics\!Projects\MDQARM_byAVRASM1234\PCBProject\MDQARM_COIL.SchDoc with Resistor R1206_1R_5% from IVV_Passive.IntLib
Replace Part R? Resistor R2512_7.5R_5% in D:\AVRASM1234\!Electronics\!Projects\MDQARM_byAVRASM1234\PCBProject\MDQARM_COIL.SchDoc with Resistor R2512_7.5R_5% from IVV_Passive.IntLib
Replace Part VD? Diode LL4148 in D:\AVRASM1234\!Electronics\!Projects\MDQARM_byAVRASM1234\PCBProject\MDQARM_COIL.SchDoc with Diode LL4148 from IVV_Lib.IntLib
Replace Part VD? Diode LL4148 in D:\AVRASM1234\!Electronics\!Projects\MDQARM_byAVRASM1234\PCBProject\MDQARM_COIL.SchDoc with Diode LL4148 from IVV_Lib.IntLib
Replace Part VD? Diode LL4148 in D:\AVRASM1234\!Electronics\!Projects\MDQARM_byAVRASM1234\PCBProject\MDQARM_COIL.SchDoc with Diode LL4148 from IVV_Lib.IntLib
Replace Part VD? Diode LL4148 in D:\AVRASM1234\!Electronics\!Projects\MDQARM_byAVRASM1234\PCBProject\MDQARM_COIL.SchDoc with Diode LL4148 from IVV_Lib.IntLib
Replace Part VD? Diode ES1J in D:\AVRASM1234\!Electronics\!Projects\MDQARM_byAVRASM1234\PCBProject\MDQARM_COIL.SchDoc with Diode ES1J from IVV_Lib.IntLib
Replace Part VD? Diode ES1J in D:\AVRASM1234\!Electronics\!Projects\MDQARM_byAVRASM1234\PCBProject\MDQARM_COIL.SchDoc with Diode ES1J from IVV_Lib.IntLib
Replace Part VT? Transistor BC847B in D:\AVRASM1234\!Electronics\!Projects\MDQARM_byAVRASM1234\PCBProject\MDQARM_COIL.SchDoc with Transistor BC847B from IVV_Lib.IntLib
Replace Part VT? Transistor BC847B in D:\AVRASM1234\!Electronics\!Projects\MDQARM_byAVRASM1234\PCBProject\MDQARM_COIL.SchDoc with Transistor BC847B from IVV_Lib.IntLib
Replace Part VT? Transistor IRF7105PBF in D:\AVRASM1234\!Electronics\!Projects\MDQARM_byAVRASM1234\PCBProject\MDQARM_COIL.SchDoc with Transistor IRF7105PBF from IVV_Lib.IntLib
Replace Part VT? Transistor IRF7105PBF in D:\AVRASM1234\!Electronics\!Projects\MDQARM_byAVRASM1234\PCBProject\MDQARM_COIL.SchDoc with Transistor IRF7105PBF from IVV_Lib.IntLib
