Replace Part C? Capacitor C0805_47n in D:\AVRASM1234\!Electronics\!Projects\MDQARM_byAVRASM1234\PCBProject\MDQARM_FM_Tx.SchDoc with Capacitor C0805_47n from IVV_Passive.IntLib
Replace Part C? Capacitor C0805_4.7u in D:\AVRASM1234\!Electronics\!Projects\MDQARM_byAVRASM1234\PCBProject\MDQARM_FM_Tx.SchDoc with Capacitor C0805_4.7u from IVV_Passive.IntLib
Replace Part C? Capacitor C0805_1u in D:\AVRASM1234\!Electronics\!Projects\MDQARM_byAVRASM1234\PCBProject\MDQARM_FM_Tx.SchDoc with Capacitor C0805_1u from IVV_Passive.IntLib
Replace Part C? Capacitor C0805_100n in D:\AVRASM1234\!Electronics\!Projects\MDQARM_byAVRASM1234\PCBProject\MDQARM_FM_Tx.SchDoc with Capacitor C0805_100n from IVV_Passive.IntLib
Replace Part C? Capacitor ECAP SMD 470uF_16V in D:\AVRASM1234\!Electronics\!Projects\MDQARM_byAVRASM1234\PCBProject\MDQARM_FM_Tx.SchDoc with Capacitor ECAP SMD 470uF_16V from IVV_Passive.IntLib
Replace Part C? Capacitor C0805_100n in D:\AVRASM1234\!Electronics\!Projects\MDQARM_byAVRASM1234\PCBProject\MDQARM_FM_Tx.SchDoc with Capacitor C0805_100n from IVV_Passive.IntLib
Replace Part C? Capacitor C0805_1u in D:\AVRASM1234\!Electronics\!Projects\MDQARM_byAVRASM1234\PCBProject\MDQARM_FM_Tx.SchDoc with Capacitor C0805_1u from IVV_Passive.IntLib
Replace Part C? Capacitor C0805_1u in D:\AVRASM1234\!Electronics\!Projects\MDQARM_byAVRASM1234\PCBProject\MDQARM_FM_Tx.SchDoc with Capacitor C0805_1u from IVV_Passive.IntLib
Replace Part C? Capacitor C0805_4.7n in D:\AVRASM1234\!Electronics\!Projects\MDQARM_byAVRASM1234\PCBProject\MDQARM_FM_Tx.SchDoc with Capacitor C0805_4.7n from IVV_Passive.IntLib
Replace Part C? Capacitor C0805_1n in D:\AVRASM1234\!Electronics\!Projects\MDQARM_byAVRASM1234\PCBProject\MDQARM_FM_Tx.SchDoc with Capacitor C0805_1n from IVV_Passive.IntLib
Replace Part C? Capacitor C0805_10p in D:\AVRASM1234\!Electronics\!Projects\MDQARM_byAVRASM1234\PCBProject\MDQARM_FM_Tx.SchDoc with Capacitor C0805_10p from IVV_Passive.IntLib
Replace Part C? Capacitor C0805_100n in D:\AVRASM1234\!Electronics\!Projects\MDQARM_byAVRASM1234\PCBProject\MDQARM_FM_Tx.SchDoc with Capacitor C0805_100n from IVV_Passive.IntLib
Replace Part C? Capacitor C0805_100n in D:\AVRASM1234\!Electronics\!Projects\MDQARM_byAVRASM1234\PCBProject\MDQARM_FM_Tx.SchDoc with Capacitor C0805_100n from IVV_Passive.IntLib
Replace Part C? Capacitor C0805_100n in D:\AVRASM1234\!Electronics\!Projects\MDQARM_byAVRASM1234\PCBProject\MDQARM_FM_Tx.SchDoc with Capacitor C0805_100n from IVV_Passive.IntLib
Replace Part C? Capacitor C0805_15p in D:\AVRASM1234\!Electronics\!Projects\MDQARM_byAVRASM1234\PCBProject\MDQARM_FM_Tx.SchDoc with Capacitor C0805_15p from IVV_Passive.IntLib
Replace Part C? Capacitor C0805_15p in D:\AVRASM1234\!Electronics\!Projects\MDQARM_byAVRASM1234\PCBProject\MDQARM_FM_Tx.SchDoc with Capacitor C0805_15p from IVV_Passive.IntLib
Replace Part DA? IC MC34119L in D:\AVRASM1234\!Electronics\!Projects\MDQARM_byAVRASM1234\PCBProject\MDQARM_FM_Tx.SchDoc with IC MC34119L from IVV_IC.IntLib
Replace Part DD? IC CP2102-GMR in D:\AVRASM1234\!Electronics\!Projects\MDQARM_byAVRASM1234\PCBProject\MDQARM_FM_Tx.SchDoc with IC CP2102-GMR from IVV_IC.IntLib
Replace Part DD? IC KT0803L in D:\AVRASM1234\!Electronics\!Projects\MDQARM_byAVRASM1234\PCBProject\MDQARM_FM_Tx.SchDoc with IC KT0803L from IVV_IC.IntLib
Replace Part FU? Fuse MF-NSMF012-2 in D:\AVRASM1234\!Electronics\!Projects\MDQARM_byAVRASM1234\PCBProject\MDQARM_FM_Tx.SchDoc with Fuse MF-NSMF012-2 from IVV_Lib.IntLib
Replace Part L? Inductance L1210_1uH in D:\AVRASM1234\!Electronics\!Projects\MDQARM_byAVRASM1234\PCBProject\MDQARM_FM_Tx.SchDoc with Inductance L1210_1uH from IVV_Passive.IntLib
Replace Part R? Resistor R0805_1k_5% in D:\AVRASM1234\!Electronics\!Projects\MDQARM_byAVRASM1234\PCBProject\MDQARM_FM_Tx.SchDoc with Resistor R0805_1k_5% from IVV_Passive.IntLib
Replace Part R? Resistor R0805_100k_5% in D:\AVRASM1234\!Electronics\!Projects\MDQARM_byAVRASM1234\PCBProject\MDQARM_FM_Tx.SchDoc with Resistor R0805_100k_5% from IVV_Passive.IntLib
Replace Part R? Resistor R0805_1k_5% in D:\AVRASM1234\!Electronics\!Projects\MDQARM_byAVRASM1234\PCBProject\MDQARM_FM_Tx.SchDoc with Resistor R0805_1k_5% from IVV_Passive.IntLib
Replace Part R? Resistor R0805_1k_5% in D:\AVRASM1234\!Electronics\!Projects\MDQARM_byAVRASM1234\PCBProject\MDQARM_FM_Tx.SchDoc with Resistor R0805_1k_5% from IVV_Passive.IntLib
Replace Part R? Resistor R0805_33k_5% in D:\AVRASM1234\!Electronics\!Projects\MDQARM_byAVRASM1234\PCBProject\MDQARM_FM_Tx.SchDoc with Resistor R0805_33k_5% from IVV_Passive.IntLib
Replace Part R? Resistor R0805_10k_5% in D:\AVRASM1234\!Electronics\!Projects\MDQARM_byAVRASM1234\PCBProject\MDQARM_FM_Tx.SchDoc with Resistor R0805_10k_5% from IVV_Passive.IntLib
Replace Part R? Resistor R0805_1k_5% in D:\AVRASM1234\!Electronics\!Projects\MDQARM_byAVRASM1234\PCBProject\MDQARM_FM_Tx.SchDoc with Resistor R0805_1k_5% from IVV_Passive.IntLib
Replace Part R? Resistor R0805_270R_5% in D:\AVRASM1234\!Electronics\!Projects\MDQARM_byAVRASM1234\PCBProject\MDQARM_FM_Tx.SchDoc with Resistor R0805_270R_5% from IVV_Passive.IntLib
Replace Part R? Resistor R0805_2R_5% in D:\AVRASM1234\!Electronics\!Projects\MDQARM_byAVRASM1234\PCBProject\MDQARM_FM_Tx.SchDoc with Resistor R0805_2R_5% from IVV_Passive.IntLib
Replace Part R? Resistor R0805_2R_5% in D:\AVRASM1234\!Electronics\!Projects\MDQARM_byAVRASM1234\PCBProject\MDQARM_FM_Tx.SchDoc with Resistor R0805_2R_5% from IVV_Passive.IntLib
Replace Part R? Resistor R0805_47k_5% in D:\AVRASM1234\!Electronics\!Projects\MDQARM_byAVRASM1234\PCBProject\MDQARM_FM_Tx.SchDoc with Resistor R0805_47k_5% from IVV_Passive.IntLib
Replace Part R? Resistor R0805_4.7k_5% in D:\AVRASM1234\!Electronics\!Projects\MDQARM_byAVRASM1234\PCBProject\MDQARM_FM_Tx.SchDoc with Resistor R0805_4.7k_5% from IVV_Passive.IntLib
Replace Part R? Resistor R0805_10k_5% in D:\AVRASM1234\!Electronics\!Projects\MDQARM_byAVRASM1234\PCBProject\MDQARM_FM_Tx.SchDoc with Resistor R0805_10k_5% from IVV_Passive.IntLib
Replace Part R? Resistor R0805_1k_5% in D:\AVRASM1234\!Electronics\!Projects\MDQARM_byAVRASM1234\PCBProject\MDQARM_FM_Tx.SchDoc with Resistor R0805_1k_5% from IVV_Passive.IntLib
Replace Part SJ? SolderJump 1 in D:\AVRASM1234\!Electronics\!Projects\MDQARM_byAVRASM1234\PCBProject\MDQARM_FM_Tx.SchDoc with SolderJump 1 from IVV_Lib.IntLib
Replace Part VD? Diode LED0805GREEN in D:\AVRASM1234\!Electronics\!Projects\MDQARM_byAVRASM1234\PCBProject\MDQARM_FM_Tx.SchDoc with Diode LED0805GREEN from IVV_Lib.IntLib
Replace Part VD? Diode LED0805RED in D:\AVRASM1234\!Electronics\!Projects\MDQARM_byAVRASM1234\PCBProject\MDQARM_FM_Tx.SchDoc with Diode LED0805RED from IVV_Lib.IntLib
Replace Part VT? Transistor IRLML2502TRPBF in D:\AVRASM1234\!Electronics\!Projects\MDQARM_byAVRASM1234\PCBProject\MDQARM_FM_Tx.SchDoc with Transistor IRLML2502TRPBF from IVV_Lib.IntLib
Replace Part VT? Transistor 2SC3356 in D:\AVRASM1234\!Electronics\!Projects\MDQARM_byAVRASM1234\PCBProject\MDQARM_FM_Tx.SchDoc with Transistor 2SC3356 from IVV_Lib.IntLib
Replace Part WA? Antenna 1 in D:\AVRASM1234\!Electronics\!Projects\MDQARM_byAVRASM1234\PCBProject\MDQARM_FM_Tx.SchDoc with Antenna 1 from IVV_Lib.IntLib
Replace Part X? Connector KLS1-233-0-0-1-T in D:\AVRASM1234\!Electronics\!Projects\MDQARM_byAVRASM1234\PCBProject\MDQARM_FM_Tx.SchDoc with Connector KLS1-233-0-0-1-T from IVV_Connectors.IntLib
Replace Part X? Connector SPEAKER in D:\AVRASM1234\!Electronics\!Projects\MDQARM_byAVRASM1234\PCBProject\MDQARM_FM_Tx.SchDoc with Connector SPEAKER from IVV_Connectors.IntLib
Replace Part X? Connector PJ-311D in D:\AVRASM1234\!Electronics\!Projects\MDQARM_byAVRASM1234\PCBProject\MDQARM_FM_Tx.SchDoc with Connector PJ-311D from IVV_Connectors.IntLib
Replace Part ZQ? Quartz DT-38T-32768Hz in D:\AVRASM1234\!Electronics\!Projects\MDQARM_byAVRASM1234\PCBProject\MDQARM_FM_Tx.SchDoc with Quartz DT-38T-32768Hz from IVV_Lib.IntLib
